# Logfile created on 2012-12-25 22:18:20 +0400 by logger.rb/31641
REQUESTING PAGE: GET /static_pages/home with {} and HTTP headers {}
REQUESTING PAGE: GET /static_pages/home with {} and HTTP headers {}
REQUESTING PAGE: GET /static_pages/help with {} and HTTP headers {}
REQUESTING PAGE: GET /static_pages/help with {} and HTTP headers {}
REQUESTING PAGE: GET /static_pages/about with {} and HTTP headers {}
REQUESTING PAGE: GET /static_pages/about with {} and HTTP headers {}
REQUESTING PAGE: GET /static_pages/contact with {} and HTTP headers {}
REQUESTING PAGE: GET /static_pages/contact with {} and HTTP headers {}
REQUESTING PAGE: GET /pages/home with {} and HTTP headers {}
REQUESTING PAGE: GET /pages/home with {} and HTTP headers {}
REQUESTING PAGE: GET /pages/help with {} and HTTP headers {}
REQUESTING PAGE: GET /pages/help with {} and HTTP headers {}
REQUESTING PAGE: GET /pages/about with {} and HTTP headers {}
REQUESTING PAGE: GET /pages/about with {} and HTTP headers {}
REQUESTING PAGE: GET /pages/contact with {} and HTTP headers {}
REQUESTING PAGE: GET /pages/contact with {} and HTTP headers {}
REQUESTING PAGE: GET /pages/home with {} and HTTP headers {}
REQUESTING PAGE: GET /pages/home with {} and HTTP headers {}
REQUESTING PAGE: GET /pages/help with {} and HTTP headers {}
REQUESTING PAGE: GET /pages/help with {} and HTTP headers {}
REQUESTING PAGE: GET /pages/about with {} and HTTP headers {}
REQUESTING PAGE: GET /pages/about with {} and HTTP headers {}
REQUESTING PAGE: GET /pages/contact with {} and HTTP headers {}
REQUESTING PAGE: GET /pages/contact with {} and HTTP headers {}
REQUESTING PAGE: GET /pages/home with {} and HTTP headers {}
REQUESTING PAGE: GET /pages/home with {} and HTTP headers {}
REQUESTING PAGE: GET /pages/help with {} and HTTP headers {}
REQUESTING PAGE: GET /pages/help with {} and HTTP headers {}
REQUESTING PAGE: GET /pages/about with {} and HTTP headers {}
REQUESTING PAGE: GET /pages/about with {} and HTTP headers {}
REQUESTING PAGE: GET /pages/contact with {} and HTTP headers {}
REQUESTING PAGE: GET /pages/contact with {} and HTTP headers {}
REQUESTING PAGE: GET /static_pages/home with {} and HTTP headers {}
REQUESTING PAGE: GET /static_pages/home with {} and HTTP headers {}
REQUESTING PAGE: GET /static_pages/help with {} and HTTP headers {}
REQUESTING PAGE: GET /static_pages/help with {} and HTTP headers {}
REQUESTING PAGE: GET /static_pages/about with {} and HTTP headers {}
REQUESTING PAGE: GET /static_pages/about with {} and HTTP headers {}
REQUESTING PAGE: GET /static_pages/contact with {} and HTTP headers {}
REQUESTING PAGE: GET /static_pages/contact with {} and HTTP headers {}
REQUESTING PAGE: GET /static_pages/home with {} and HTTP headers {}
REQUESTING PAGE: GET /static_pages/home with {} and HTTP headers {}
REQUESTING PAGE: GET /static_pages/help with {} and HTTP headers {}
REQUESTING PAGE: GET /static_pages/help with {} and HTTP headers {}
REQUESTING PAGE: GET /static_pages/about with {} and HTTP headers {}
REQUESTING PAGE: GET /static_pages/about with {} and HTTP headers {}
REQUESTING PAGE: GET /static_pages/contact with {} and HTTP headers {}
REQUESTING PAGE: GET /static_pages/contact with {} and HTTP headers {}
REQUESTING PAGE: GET /static_pages/home with {} and HTTP headers {}
REQUESTING PAGE: GET /static_pages/home with {} and HTTP headers {}
REQUESTING PAGE: GET /static_pages/help with {} and HTTP headers {}
REQUESTING PAGE: GET /static_pages/help with {} and HTTP headers {}
REQUESTING PAGE: GET /static_pages/about with {} and HTTP headers {}
REQUESTING PAGE: GET /static_pages/about with {} and HTTP headers {}
REQUESTING PAGE: GET /static_pages/contact with {} and HTTP headers {}
REQUESTING PAGE: GET /static_pages/contact with {} and HTTP headers {}
REQUESTING PAGE: GET /static_pages/home with {} and HTTP headers {}
REQUESTING PAGE: GET /static_pages/home with {} and HTTP headers {}
REQUESTING PAGE: GET /static_pages/help with {} and HTTP headers {}
REQUESTING PAGE: GET /static_pages/help with {} and HTTP headers {}
REQUESTING PAGE: GET /static_pages/about with {} and HTTP headers {}
REQUESTING PAGE: GET /static_pages/about with {} and HTTP headers {}
REQUESTING PAGE: GET /static_pages/contact with {} and HTTP headers {}
REQUESTING PAGE: GET /static_pages/contact with {} and HTTP headers {}
REQUESTING PAGE: GET /static_pages/home with {} and HTTP headers {}
REQUESTING PAGE: GET /static_pages/home with {} and HTTP headers {}
REQUESTING PAGE: GET /static_pages/help with {} and HTTP headers {}
REQUESTING PAGE: GET /static_pages/help with {} and HTTP headers {}
REQUESTING PAGE: GET /static_pages/about with {} and HTTP headers {}
REQUESTING PAGE: GET /static_pages/about with {} and HTTP headers {}
REQUESTING PAGE: GET /static_pages/contact with {} and HTTP headers {}
REQUESTING PAGE: GET /static_pages/contact with {} and HTTP headers {}
